[08:36:01] ============================================================
[08:36:01]  [시작] S2B 정밀 크롤러
[08:36:01]  대상 날짜: 20260119 / 시작 페이지: 1
[08:36:01]  저장 파일: s2b_result_20260119_1.xlsx
[08:36:01] ============================================================
[08:36:01]  >> [요청] 1페이지...
[08:36:23]     └ 10건 수집됨 (누적 10건)
[08:36:23]  [기록] 파라미터 업데이트: 20260119 / 2페이지
[08:36:23]  >> [요청] 2페이지...
[08:36:45]     └ 10건 수집됨 (누적 20건)
[08:36:45]  [기록] 파라미터 업데이트: 20260119 / 3페이지
[08:36:53]  >> [요청] 3페이지...
[08:37:05]     └ 10건 수집됨 (누적 30건)
[08:37:05]  [기록] 파라미터 업데이트: 20260119 / 4페이지
[08:37:05]  >> [요청] 4페이지...
[08:37:16]     └ 10건 수집됨 (누적 40건)
[08:37:16]  [기록] 파라미터 업데이트: 20260119 / 5페이지
[08:37:24]  >> [요청] 5페이지...
[08:37:40]     └ 10건 수집됨 (누적 50건)
[08:37:40]  [기록] 파라미터 업데이트: 20260119 / 6페이지
[08:37:40]  >> [요청] 6페이지...
[08:37:55]     └ 10건 수집됨 (누적 60건)
[08:37:55]  [기록] 파라미터 업데이트: 20260119 / 7페이지
[08:38:01]  >> [요청] 7페이지...
[08:38:14]     └ 10건 수집됨 (누적 70건)
[08:38:14]  [기록] 파라미터 업데이트: 20260119 / 8페이지
[08:38:14]  >> [요청] 8페이지...
[08:38:30]     └ 10건 수집됨 (누적 80건)
[08:38:30]  [기록] 파라미터 업데이트: 20260119 / 9페이지
[08:38:36]  >> [요청] 9페이지...
[08:38:45]     └ 10건 수집됨 (누적 90건)
[08:38:45]  [기록] 파라미터 업데이트: 20260119 / 10페이지
[08:38:45]  >> [요청] 10페이지...
[08:38:59]     └ 10건 수집됨 (누적 100건)
[08:38:59]  [기록] 파라미터 업데이트: 20260119 / 11페이지
[08:40:00]  >> [요청] 11페이지...
[08:40:21]     └ 10건 수집됨 (누적 110건)
[08:40:21]  [기록] 파라미터 업데이트: 20260119 / 12페이지
[08:40:21]  >> [요청] 12페이지...
[08:40:37]     └ 10건 수집됨 (누적 120건)
[08:40:37]  [기록] 파라미터 업데이트: 20260119 / 13페이지
[08:40:44]  >> [요청] 13페이지...
[08:40:57]     └ 10건 수집됨 (누적 130건)
[08:40:57]  [기록] 파라미터 업데이트: 20260119 / 14페이지
[08:40:57]  >> [요청] 14페이지...
[08:41:21]     └ 10건 수집됨 (누적 140건)
[08:41:21]  [기록] 파라미터 업데이트: 20260119 / 15페이지
[08:41:29]  >> [요청] 15페이지...
[08:41:39]     └ 10건 수집됨 (누적 150건)
[08:41:39]  [기록] 파라미터 업데이트: 20260119 / 16페이지
[08:41:39]  >> [요청] 16페이지...
[08:42:00]     └ 10건 수집됨 (누적 160건)
[08:42:00]  [기록] 파라미터 업데이트: 20260119 / 17페이지
[08:42:08]  >> [요청] 17페이지...
[08:42:28]     └ 10건 수집됨 (누적 170건)
[08:42:28]  [기록] 파라미터 업데이트: 20260119 / 18페이지
[08:42:28]  >> [요청] 18페이지...
[08:42:47]     └ 10건 수집됨 (누적 180건)
[08:42:47]  [기록] 파라미터 업데이트: 20260119 / 19페이지
[08:42:53]  >> [요청] 19페이지...
[08:43:15]     └ 10건 수집됨 (누적 190건)
[08:43:15]  [기록] 파라미터 업데이트: 20260119 / 20페이지
[08:43:15]  >> [요청] 20페이지...
[08:43:32]     └ 10건 수집됨 (누적 200건)
[08:43:32]  [기록] 파라미터 업데이트: 20260119 / 21페이지
[08:44:47]  >> [요청] 21페이지...
[08:44:55]     └ 10건 수집됨 (누적 210건)
[08:44:55]  [기록] 파라미터 업데이트: 20260119 / 22페이지
[08:44:55]  >> [요청] 22페이지...
[08:45:07]     └ 10건 수집됨 (누적 220건)
[08:45:07]  [기록] 파라미터 업데이트: 20260119 / 23페이지
[08:45:14]  >> [요청] 23페이지...
[08:45:38]     └ 10건 수집됨 (누적 230건)
[08:45:38]  [기록] 파라미터 업데이트: 20260119 / 24페이지
[08:45:38]  >> [요청] 24페이지...
[08:45:42]     ? 예외 발생: ('Connection aborted.', RemoteDisconnected('Remote end closed connection without response'))
[08:45:42]  [기록] 파라미터 업데이트: 20260119 / 24페이지
[08:45:42] ============================================================
[08:45:42]  [완료] 프로세스 종료
