[09:12:51] ============================================================
[09:12:51]  [시작] S2B 정밀 크롤러
[09:12:51]  대상 날짜: 20260119 / 시작 페이지: 25
[09:12:51]  저장 파일: s2b_result_20260119_25.xlsx
[09:12:51] ============================================================
[09:12:51]  >> [요청] 25페이지...
[09:13:09]     └ 10건 수집됨 (누적 10건)
[09:13:09]  [기록] 파라미터 업데이트: 20260119 / 26페이지
[09:13:09]  >> [요청] 26페이지...
[09:13:30]     └ 10건 수집됨 (누적 20건)
[09:13:30]  [기록] 파라미터 업데이트: 20260119 / 27페이지
[09:13:37]  >> [요청] 27페이지...
[09:14:01]     └ 10건 수집됨 (누적 30건)
[09:14:01]  [기록] 파라미터 업데이트: 20260119 / 28페이지
[09:14:01]  >> [요청] 28페이지...
[09:14:23]     └ 10건 수집됨 (누적 40건)
[09:14:23]  [기록] 파라미터 업데이트: 20260119 / 29페이지
[09:14:28]  >> [요청] 29페이지...
[09:14:44]     └ 10건 수집됨 (누적 50건)
[09:14:44]  [기록] 파라미터 업데이트: 20260119 / 30페이지
[09:14:44]  >> [요청] 30페이지...
[09:14:58]     └ 10건 수집됨 (누적 60건)
[09:14:58]  [기록] 파라미터 업데이트: 20260119 / 31페이지
[09:15:05]  >> [요청] 31페이지...
[09:15:20]     └ 10건 수집됨 (누적 70건)
[09:15:20]  [기록] 파라미터 업데이트: 20260119 / 32페이지
[09:15:20]  >> [요청] 32페이지...
[09:15:37]     └ 10건 수집됨 (누적 80건)
[09:15:37]  [기록] 파라미터 업데이트: 20260119 / 33페이지
[09:15:43]  >> [요청] 33페이지...
[09:16:04]     └ 10건 수집됨 (누적 90건)
[09:16:04]  [기록] 파라미터 업데이트: 20260119 / 34페이지
[09:16:04]  >> [요청] 34페이지...
[09:16:24]     └ 10건 수집됨 (누적 100건)
[09:16:24]  [기록] 파라미터 업데이트: 20260119 / 35페이지
[09:17:52]  >> [요청] 35페이지...
[09:18:11]     └ 10건 수집됨 (누적 110건)
[09:18:11]  [기록] 파라미터 업데이트: 20260119 / 36페이지
[09:18:11]  >> [요청] 36페이지...
[09:18:34]     └ 10건 수집됨 (누적 120건)
[09:18:34]  [기록] 파라미터 업데이트: 20260119 / 37페이지
[09:18:40]  >> [요청] 37페이지...
[09:18:58]     └ 10건 수집됨 (누적 130건)
[09:18:58]  [기록] 파라미터 업데이트: 20260119 / 38페이지
[09:18:58]  >> [요청] 38페이지...
[09:19:22]     └ 10건 수집됨 (누적 140건)
[09:19:22]  [기록] 파라미터 업데이트: 20260119 / 39페이지
[09:19:27]  >> [요청] 39페이지...
[09:19:46]     └ 10건 수집됨 (누적 150건)
[09:19:46]  [기록] 파라미터 업데이트: 20260119 / 40페이지
[09:19:46]  >> [요청] 40페이지...
[09:20:04]     └ 10건 수집됨 (누적 160건)
[09:20:04]  [기록] 파라미터 업데이트: 20260119 / 41페이지
[09:20:10]  >> [요청] 41페이지...
[09:20:33]     └ 10건 수집됨 (누적 170건)
[09:20:33]  [기록] 파라미터 업데이트: 20260119 / 42페이지
[09:20:33]  >> [요청] 42페이지...
[09:20:51]     └ 10건 수집됨 (누적 180건)
[09:20:52]  [기록] 파라미터 업데이트: 20260119 / 43페이지
[09:20:58]  >> [요청] 43페이지...
[09:21:14]     └ 10건 수집됨 (누적 190건)
[09:21:14]  [기록] 파라미터 업데이트: 20260119 / 44페이지
[09:21:14]  >> [요청] 44페이지...
[09:21:34]     └ 10건 수집됨 (누적 200건)
[09:21:34]  [기록] 파라미터 업데이트: 20260119 / 45페이지
[09:22:37]  >> [요청] 45페이지...
[09:22:56]     └ 10건 수집됨 (누적 210건)
[09:22:56]  [기록] 파라미터 업데이트: 20260119 / 46페이지
[09:22:56]  >> [요청] 46페이지...
[09:23:17]     └ 10건 수집됨 (누적 220건)
[09:23:17]  [기록] 파라미터 업데이트: 20260119 / 47페이지
[09:23:24]  >> [요청] 47페이지...
[09:23:43]     └ 10건 수집됨 (누적 230건)
[09:23:44]  [기록] 파라미터 업데이트: 20260119 / 48페이지
[09:23:44]  >> [요청] 48페이지...
[09:24:00]     └ 10건 수집됨 (누적 240건)
[09:24:00]  [기록] 파라미터 업데이트: 20260119 / 49페이지
[09:24:07]  >> [요청] 49페이지...
[09:24:25]     └ 10건 수집됨 (누적 250건)
[09:24:25]  [기록] 파라미터 업데이트: 20260119 / 50페이지
[09:24:25]  >> [요청] 50페이지...
[09:24:41]     └ 10건 수집됨 (누적 260건)
[09:24:41]  [기록] 파라미터 업데이트: 20260119 / 51페이지
[09:24:46]  >> [요청] 51페이지...
[09:25:03]     └ 10건 수집됨 (누적 270건)
[09:25:03]  [기록] 파라미터 업데이트: 20260119 / 52페이지
[09:25:03]  >> [요청] 52페이지...
[09:25:23]     └ 10건 수집됨 (누적 280건)
[09:25:23]  [기록] 파라미터 업데이트: 20260119 / 53페이지
[09:25:31]  >> [요청] 53페이지...
[09:25:55]     └ 10건 수집됨 (누적 290건)
[09:25:55]  [기록] 파라미터 업데이트: 20260119 / 54페이지
[09:25:55]  >> [요청] 54페이지...
[09:26:12]     └ 10건 수집됨 (누적 300건)
[09:26:12]  [기록] 파라미터 업데이트: 20260119 / 55페이지
[09:27:30]  >> [요청] 55페이지...
[09:27:51]     └ 10건 수집됨 (누적 310건)
[09:27:51]  [기록] 파라미터 업데이트: 20260119 / 56페이지
[09:27:51]  >> [요청] 56페이지...
[09:28:15]     └ 10건 수집됨 (누적 320건)
[09:28:15]  [기록] 파라미터 업데이트: 20260119 / 57페이지
[09:28:22]  >> [요청] 57페이지...
[09:28:37]     └ 10건 수집됨 (누적 330건)
[09:28:37]  [기록] 파라미터 업데이트: 20260119 / 58페이지
[09:28:37]  >> [요청] 58페이지...
[09:28:57]     └ 10건 수집됨 (누적 340건)
[09:28:57]  [기록] 파라미터 업데이트: 20260119 / 59페이지
[09:29:03]  >> [요청] 59페이지...
[09:29:26]     └ 10건 수집됨 (누적 350건)
[09:29:27]  [기록] 파라미터 업데이트: 20260119 / 60페이지
[09:29:27]  >> [요청] 60페이지...
[09:29:49]     └ 10건 수집됨 (누적 360건)
[09:29:49]  [기록] 파라미터 업데이트: 20260119 / 61페이지
[09:29:55]  >> [요청] 61페이지...
[09:30:12]     [경고] 데이터 테이블을 찾을 수 없습니다.
[09:30:12]     ? 20260119에 데이터가 없습니다. 다음 날짜로 넘어갑니다.
[09:30:12]  [기록] 파라미터 업데이트: 20260120 / 1페이지
[09:30:12] ============================================================
[09:30:12]  [완료] 프로세스 종료
