[07:53:26] ============================================================
[07:53:26]  [시작] S2B 정밀 크롤러
[07:53:26]  대상 날짜: 20251201 / 시작 페이지: 2
[07:53:26]  저장 파일: s2b_result_20251201_2.xlsx
[07:53:26] ============================================================
[07:53:26]  >> [요청] 2페이지...
[07:53:35]     └ 10건 수집됨 (누적 10건)
[07:53:35]  [기록] 파라미터 업데이트: 20251201 / 3페이지
[07:53:35]  >> [요청] 3페이지...
[07:53:40]     └ 10건 수집됨 (누적 20건)
[07:53:40]  [기록] 파라미터 업데이트: 20251201 / 4페이지
[07:53:47]  >> [요청] 4페이지...
[07:53:56]     └ 10건 수집됨 (누적 30건)
[07:53:56]  [기록] 파라미터 업데이트: 20251201 / 5페이지
[07:53:56]  >> [요청] 5페이지...
[07:54:01]     └ 10건 수집됨 (누적 40건)
[07:54:01]  [기록] 파라미터 업데이트: 20251201 / 6페이지
[07:54:09]  >> [요청] 6페이지...
[07:54:17]     └ 10건 수집됨 (누적 50건)
[07:54:17]  [기록] 파라미터 업데이트: 20251201 / 7페이지
[07:54:17]  >> [요청] 7페이지...
[07:54:23]     └ 10건 수집됨 (누적 60건)
[07:54:23]  [기록] 파라미터 업데이트: 20251201 / 8페이지
[07:54:30]  >> [요청] 8페이지...
[07:54:41]     └ 10건 수집됨 (누적 70건)
[07:54:41]  [기록] 파라미터 업데이트: 20251201 / 9페이지
[07:54:41]  >> [요청] 9페이지...
[07:54:51]     └ 10건 수집됨 (누적 80건)
[07:54:51]  [기록] 파라미터 업데이트: 20251201 / 10페이지
[07:54:59]  >> [요청] 10페이지...
[07:55:28]     └ 10건 수집됨 (누적 90건)
[07:55:28]  [기록] 파라미터 업데이트: 20251201 / 11페이지
[07:55:28]  >> [요청] 11페이지...
[07:55:32]     └ 10건 수집됨 (누적 100건)
[07:55:32]  [기록] 파라미터 업데이트: 20251201 / 12페이지
[07:56:47]  >> [요청] 12페이지...
[07:56:56]     └ 10건 수집됨 (누적 110건)
[07:56:56]  [기록] 파라미터 업데이트: 20251201 / 13페이지
[07:56:56]  >> [요청] 13페이지...
[07:57:05]     └ 10건 수집됨 (누적 120건)
[07:57:05]  [기록] 파라미터 업데이트: 20251201 / 14페이지
[07:57:13]  >> [요청] 14페이지...
[07:57:35]     ? 예외 발생: HTTPSConnectionPool(host='www.s2b.kr', port=443): Max retries exceeded with url: /S2BNCustomer/tcmo001.do (Caused by NewConnectionError("HTTPSConnection(host='www.s2b.kr', port=443): Failed to establish a new connection: [Errno 111] Connection refused"))
[07:57:35]  [기록] 파라미터 업데이트: 20251201 / 14페이지
[07:57:35] ============================================================
[07:57:35]  [완료] 프로세스 종료
