[06:17:24] ============================================================
[06:17:24]  [시작] S2B 정밀 크롤러 (구조 보강 버전)
[06:17:24]  날짜: 20251201 / 페이지: 1
[06:17:24] ============================================================
[06:17:24]  >> [요청] 1페이지...
[06:17:35]     └ 10건 수집됨 (누적 10건)
[06:17:35]  [기록] 파라미터 업데이트: 20251201 / 2페이지
[06:17:35]  >> [요청] 2페이지...
[06:17:47]     └ 10건 수집됨 (누적 20건)
[06:17:47]  [기록] 파라미터 업데이트: 20251201 / 3페이지
[06:17:53]  >> [요청] 3페이지...
[06:18:02]     └ 10건 수집됨 (누적 30건)
[06:18:02]  [기록] 파라미터 업데이트: 20251201 / 4페이지
[06:18:02]  >> [요청] 4페이지...
[06:18:12]     └ 10건 수집됨 (누적 40건)
[06:18:12]  [기록] 파라미터 업데이트: 20251201 / 5페이지
[06:18:20]  >> [요청] 5페이지...
[06:18:42]     └ 10건 수집됨 (누적 50건)
[06:18:42]  [기록] 파라미터 업데이트: 20251201 / 6페이지
[06:18:42]  >> [요청] 6페이지...
[06:18:52]     └ 10건 수집됨 (누적 60건)
[06:18:52]  [기록] 파라미터 업데이트: 20251201 / 7페이지
[06:18:58]  >> [요청] 7페이지...
[06:19:29]     └ 10건 수집됨 (누적 70건)
[06:19:29]  [기록] 파라미터 업데이트: 20251201 / 8페이지
[06:19:29]  >> [요청] 8페이지...
[06:19:40]     └ 10건 수집됨 (누적 80건)
[06:19:40]  [기록] 파라미터 업데이트: 20251201 / 9페이지
[06:19:46]  >> [요청] 9페이지...
[06:19:57]     └ 10건 수집됨 (누적 90건)
[06:19:57]  [기록] 파라미터 업데이트: 20251201 / 10페이지
[06:19:57]  >> [요청] 10페이지...
[06:20:03]     └ 10건 수집됨 (누적 100건)
[06:20:03]  [기록] 파라미터 업데이트: 20251201 / 11페이지
[06:21:27]  >> [요청] 11페이지...
[06:21:39]     └ 10건 수집됨 (누적 110건)
[06:21:39]  [기록] 파라미터 업데이트: 20251201 / 12페이지
[06:21:39]  >> [요청] 12페이지...
[06:21:52]     └ 10건 수집됨 (누적 120건)
[06:21:52]  [기록] 파라미터 업데이트: 20251201 / 13페이지
[06:21:59]  >> [요청] 13페이지...
[06:22:09]     └ 10건 수집됨 (누적 130건)
[06:22:09]  [기록] 파라미터 업데이트: 20251201 / 14페이지
[06:22:09]  >> [요청] 14페이지...
[06:22:15]     └ 10건 수집됨 (누적 140건)
[06:22:15]  [기록] 파라미터 업데이트: 20251201 / 15페이지
[06:22:22]  >> [요청] 15페이지...
[06:22:30]     └ 10건 수집됨 (누적 150건)
[06:22:30]  [기록] 파라미터 업데이트: 20251201 / 16페이지
[06:22:30]  >> [요청] 16페이지...
[06:22:42]     └ 10건 수집됨 (누적 160건)
[06:22:42]  [기록] 파라미터 업데이트: 20251201 / 17페이지
[06:22:48]  >> [요청] 17페이지...
[06:23:00]     └ 10건 수집됨 (누적 170건)
[06:23:00]  [기록] 파라미터 업데이트: 20251201 / 18페이지
[06:23:00]  >> [요청] 18페이지...
[06:23:10]     └ 10건 수집됨 (누적 180건)
[06:23:10]  [기록] 파라미터 업데이트: 20251201 / 19페이지
[06:23:17]  >> [요청] 19페이지...
[06:23:47]     └ 10건 수집됨 (누적 190건)
[06:23:47]  [기록] 파라미터 업데이트: 20251201 / 20페이지
[06:23:47]  >> [요청] 20페이지...
[06:23:52]     └ 10건 수집됨 (누적 200건)
[06:23:52]  [기록] 파라미터 업데이트: 20251201 / 21페이지
[06:25:14]  >> [요청] 21페이지...
[06:25:22]     └ 10건 수집됨 (누적 210건)
[06:25:23]  [기록] 파라미터 업데이트: 20251201 / 22페이지
[06:25:23]  >> [요청] 22페이지...
[06:25:35]     └ 10건 수집됨 (누적 220건)
[06:25:35]  [기록] 파라미터 업데이트: 20251201 / 23페이지
[06:25:42]  >> [요청] 23페이지...
[06:25:53]     └ 10건 수집됨 (누적 230건)
[06:25:53]  [기록] 파라미터 업데이트: 20251201 / 24페이지
[06:25:53]  >> [요청] 24페이지...
[06:26:04]     └ 10건 수집됨 (누적 240건)
[06:26:04]  [기록] 파라미터 업데이트: 20251201 / 25페이지
[06:26:11]  >> [요청] 25페이지...
[06:26:40]     └ 10건 수집됨 (누적 250건)
[06:26:40]  [기록] 파라미터 업데이트: 20251201 / 26페이지
[06:26:40]  >> [요청] 26페이지...
[06:26:45]     └ 10건 수집됨 (누적 260건)
[06:26:45]  [기록] 파라미터 업데이트: 20251201 / 27페이지
[06:26:51]  >> [요청] 27페이지...
[06:27:00]     └ 10건 수집됨 (누적 270건)
[06:27:00]  [기록] 파라미터 업데이트: 20251201 / 28페이지
[06:27:00]  >> [요청] 28페이지...
[06:27:11]     └ 10건 수집됨 (누적 280건)
[06:27:11]  [기록] 파라미터 업데이트: 20251201 / 29페이지
[06:27:18]  >> [요청] 29페이지...
[06:27:27]     └ 10건 수집됨 (누적 290건)
[06:27:27]  [기록] 파라미터 업데이트: 20251201 / 30페이지
[06:27:27]  >> [요청] 30페이지...
[06:27:49]     └ 10건 수집됨 (누적 300건)
[06:27:49]  [기록] 파라미터 업데이트: 20251201 / 31페이지
[06:29:13]  >> [요청] 31페이지...
[06:29:25]     └ 10건 수집됨 (누적 310건)
[06:29:25]  [기록] 파라미터 업데이트: 20251201 / 32페이지
[06:29:25]  >> [요청] 32페이지...
[06:29:35]     └ 10건 수집됨 (누적 320건)
[06:29:36]  [기록] 파라미터 업데이트: 20251201 / 33페이지
[06:29:42]  >> [요청] 33페이지...
[06:30:12]     └ 10건 수집됨 (누적 330건)
[06:30:12]  [기록] 파라미터 업데이트: 20251201 / 34페이지
[06:30:12]  >> [요청] 34페이지...
[06:30:24]     └ 10건 수집됨 (누적 340건)
[06:30:24]  [기록] 파라미터 업데이트: 20251201 / 35페이지
[06:30:32]  >> [요청] 35페이지...
[06:30:42]     [경고] 데이터 테이블을 찾을 수 없습니다. (페이지 구조 확인 필요)
[06:30:42]     ? 더 이상 수집할 데이터가 없습니다.
[06:30:42] ============================================================
[06:30:42]  [완료] 프로세스 종료
